<?xml version="1.0" encoding="UTF-8"?><project>

  <modelVersion>4.0.0</modelVersion>
  <groupId>test</groupId>
  <artifactId>test</artifactId>
  <version>1.0.0-SNAPSHOT</version>
  <description>test pom</description>
  
  
<build>
    <plugins>
      <plugin>
      <artifactId>maven-confluence-reporting-plugin</artifactId>
    	<configuration>
        </configuration>
  	  </plugin>
	 </plugins>
</build>

</project>